     1                                  bits 32 ; assembling for the 32 bits architecture
     2                                  
     3                                  ; declare the EntryPoint (a label defining the very first instruction of the program)
     4                                  global start        
     5                                  
     6                                  ; declare external functions needed by our program
     7                                  extern exit               ; tell nasm that exit exists even if we won't be defining it
     8                                  import exit msvcrt.dll    ; exit is a function that ends the calling process. It is defined in msvcrt.dll
     9                                                            ; msvcrt.dll contains exit, printf and all the other important C-runtime specific functions
    10                                  
    11                                  ; our data is declared here (the variables needed by our program)
    12                                  segment data use32 class=data
    13 00000000 03                          a DB 3h
    14 00000001 04                          b DB 4h
    15 00000002 02                          c DB 2h
    16 00000003 01                          d DB 1h
    17                                   
    18                                  ; our code starts here
    19                                  segment code use32 class=code
    20                                      start:
    21                                          ;1. c-(a+d)+(b+d)
    22 00000000 A0[02000000]                    mov AL,[c]
    23 00000005 8A1D[00000000]                  mov BL,[a]
    24 0000000B 021D[03000000]                  add BL,[d]
    25 00000011 28D8                            sub AL,BL
    26 00000013 8A1D[01000000]                  mov BL,[b]
    27 00000019 021D[03000000]                  add BL,[d]
    28 0000001F 00D8                            add AL,BL
    29                                          
    30                                          ;3. (c+d)-(a+d)+b
    31 00000021 A0[02000000]                    mov AL,[c]
    32 00000026 0205[03000000]                  add AL,[d]
    33 0000002C 8A1D[00000000]                  mov BL,[a]
    34 00000032 021D[03000000]                  add BL,[d]
    35 00000038 28D8                            sub AL,BL
    36 0000003A 0205[01000000]                  add AL,[b]
    37                                          
    38                                          ;4. (a-b)+(c-b-d)+d
    39 00000040 A0[00000000]                    mov AL,[a]
    40 00000045 2A05[01000000]                  sub AL,[b]
    41 0000004B 8A1D[02000000]                  mov BL,[c]
    42 00000051 2A1D[01000000]                  sub BL,[b]
    43 00000057 2A1D[03000000]                  sub BL,[d]
    44 0000005D 00D8                            add AL,BL
    45 0000005F 0205[03000000]                  add AL,[d]
    46                                          
    47                                          ;11. (a+c-d)+d-(b+b-c)
    48 00000065 A0[00000000]                    mov AL,[a]
    49 0000006A 0205[02000000]                  add AL,[c]
    50 00000070 2A05[03000000]                  sub AL,[d]
    51 00000076 0205[03000000]                  add AL,[d]
    52 0000007C 8A1D[01000000]                  mov BL,[b]
    53 00000082 021D[01000000]                  add BL,[b]
    54 00000088 2A1D[02000000]                  sub BL,[c]
    55 0000008E 28D8                            sub AL,BL
    56                                          
    57                                          ;12. 2-(c+d)+(a+b-c)
    58 00000090 B002                            mov AL,2
    59 00000092 8A1D[02000000]                  mov BL,[c]
    60 00000098 021D[03000000]                  add BL,[d]
    61 0000009E 28D8                            sub AL,BL
    62 000000A0 8A1D[00000000]                  mov BL,[a]
    63 000000A6 021D[01000000]                  add BL,[b]
    64 000000AC 2A1D[02000000]                  sub BL,[c]
    65 000000B2 00D8                            add AL,BL
    66                                          
    67                                          ; exit(0)
    68 000000B4 6A00                            push    dword 0      ; push the parameter for exit onto the stack
    69 000000B6 FF15[00000000]                  call    [exit]       ; call exit to terminate the program
