     1                                  bits 32
     2                                  global start
     3                                  
     4                                  extern exit, scanf, printf
     5                                  import exit msvcrt.dll
     6                                  import scanf msvcrt.dll
     7                                  import printf msvcrt.dll
     8                                  
     9                                  segment data use32 class=data
    10 00000000 00000000                	a dd 0
    11 00000004 4461746920756E2069-         mesaj db 'Dati un intreg: ', 0
    11 0000000D 6E747265673A2000   
    12 00000015 256400                      format db "%d", 0
    13                                      
    14                                      len equ 32
    15 00000018 00<rept>                    biti times len+1 db 0
    16 00000039 25643A2025730D0A00          format_afisare db "%d: %s", 13, 10, 0
    17                                      
    18                                  ; 1. Scrieți un program care citește de la tastatură un număr întreg și îl afișează în baza 2.
    19                                  segment code use32 class=code
    20                                      start:
    21                                      citire:
    22                                          ; afisez mesaj
    23                                          ; printf(mesaj)
    24 00000000 68[04000000]                    push dword mesaj
    25 00000005 FF15[00000000]                  call [printf]
    26 0000000B 83C404                          add esp, 1*4
    27                                          
    28                                          ; citesc numarul
    29                                          ; scanf(format, &a)
    30 0000000E 68[00000000]                    push dword a
    31 00000013 68[15000000]                    push dword format
    32 00000018 FF15[00000000]                  call [scanf]
    33 0000001E 83C408                          add esp, 2*4
    34                                          
    35                                          ; verific daca s-a introdus valoarea 0
    36 00000021 8B15[00000000]                  mov edx, [a]
    37 00000027 83FA00                          cmp edx, 0
    38 0000002A 742F                            je final
    39                                          
    40                                          ; obtin reprezentarea in baza 2
    41 0000002C B920000000                      mov ecx, len
    42 00000031 FC                              cld
    43 00000032 BF[18000000]                    mov edi, biti
    44                                          repeta:
    45 00000037 30C0                                xor al, al
    46 00000039 D1E2                                shl edx, 1
    47 0000003B 1430                                adc al, '0'
    48 0000003D AA                                  stosb
    49 0000003E E2F7                                loop repeta
    50                                          
    51                                          ; afisez sirul de biti
    52                                          ; printf(format_afisare, a, biti)
    53 00000040 68[18000000]                    push dword biti
    54 00000045 FF35[00000000]                  push dword [a]
    55 0000004B 68[39000000]                    push dword format_afisare
    56 00000050 FF15[00000000]                  call [printf]
    57 00000056 83C40C                          add esp, 3*4
    58                                      
    59 00000059 EBA5                            jmp citire
    60                                      
    61                                      final:
    62 0000005B 6A00                            push dword 0
    63 0000005D FF15[00000000]                  call [exit]
