     1                                  bits 32 ; assembling for the 32 bits architecture
     2                                  
     3                                  ; declare the EntryPoint (a label defining the very first instruction of the program)
     4                                  global start        
     5                                  
     6                                  ; declare external functions needed by our program
     7                                  extern exit               ; tell nasm that exit exists even if we won't be defining it
     8                                  import exit msvcrt.dll    ; exit is a function that ends the calling process. It is defined in msvcrt.dll
     9                                                            ; msvcrt.dll contains exit, printf and all the other important C-runtime specific functions
    10                                  
    11                                  ; our data is declared here (the variables needed by our program)
    12                                  segment data use32 class=data
    13 00000000 010306020302                S1 db 1,3,6,2,3,2
    14 00000006 060308010205                S2 db 6,3,8,1,2,5
    15                                      len equ $-S2
    16 0000000C 00<rept>                    d times len db 0
    17                                  
    18                                  ; our code starts here
    19                                  segment code use32 class=code
    20                                      start:
    21 00000000 B906000000                      mov ecx,len
    22 00000005 BE00000000                      mov esi,0
    23 0000000A E317                            jecxz Sfarsit
    24                                          repeta:
    25 0000000C 8A86[00000000]                      mov al,[S1+esi]
    26 00000012 8A9E[06000000]                      mov bl,[S2+esi]
    27 00000018 28D8                                sub al,bl
    28 0000001A 8886[0C000000]                      mov [d+esi],al
    29 00000020 46                                  inc esi
    30 00000021 E2E9                            loop repeta
    31                                          Sfarsit:
    32                                          ; exit(0)
    33 00000023 6A00                            push    dword 0      ; push the parameter for exit onto the stack
    34 00000025 FF15[00000000]                  call    [exit]       ; call exit to terminate the program
