     1                                  bits 32 
     2                                  
     3                                  global start        
     4                                  
     5                                  extern exit,scanf,printf,fopen,fprintf,fclose               
     6                                  import exit msvcrt.dll    
     7                                  import scanf msvcrt.dll
     8                                  import printf msvcrt.dll
     9                                  import fopen msvcrt.dll
    10                                  import fprintf msvcrt.dll
    11                                  import fclose msvcrt.dll
    12                                  ;Se da un nume de fisier (definit in segmentul de date). Sa se creeze un fisier cu numele dat, apoi sa se citeasca de la tastatura numere si sa se scrie valorile citite in fisier pana cand se citeste de la tastatura
    13                                  segment data use32 class=data
    14 00000000 6F75747075742E7478-         file_name db 'output.txt',0
    14 00000009 7400               
    15 0000000B 7700                        mod_access db 'w',0
    16 0000000D FFFFFFFF                    file_descriptor dd -1
    17 00000011 00000000                    n dd 0
    18 00000015 256400                      input_format db "%d",0
    19 00000018 446174692076616C6F-         message db "Dati valori:",0
    19 00000021 72693A00           
    20 00000025 45726F617265206C61-         error_message db 'Eroare la deschiderea fisierului',0
    20 0000002E 206465736368696465-
    20 00000037 726561206669736965-
    20 00000040 72756C756900       
    21 00000046 25642000                    output_format db "%d ",0
    22 0000004A 00000000                    values dd 0
    23                                      
    24                                  segment code use32 class=code
    25                                      start:
    26 00000000 68[18000000]                    push dword message
    27 00000005 FF15[00000000]                  call [printf]
    28 0000000B 83C404                          add esp,1*4
    29                                          
    30 0000000E FC                              cld
    31 0000000F BF[4A000000]                    mov edi,values
    32 00000014 BB00000000                      mov ebx,0
    33                                          
    34                                      citire:
    35 00000019 68[11000000]                    push dword n
    36 0000001E 68[15000000]                    push dword input_format
    37 00000023 FF15[00000000]                  call [scanf]
    38 00000029 83C408                          add esp,2*4
    39                                          
    40 0000002C A1[11000000]                    mov eax,[n]
    41 00000031 83F820                          cmp eax,' '
    42 00000034 7407                            je e_spatiu
    43                                          
    44 00000036 83F800                          cmp eax,0
    45 00000039 7404                            je scriere_in_fisier
    46                                          
    47 0000003B AB                              stosd
    48 0000003C 43                              inc ebx
    49                                          
    50                                      e_spatiu:
    51 0000003D EBDA                            jmp citire
    52                                         
    53                                      scriere_in_fisier:
    54 0000003F 68[0B000000]                    push dword mod_access
    55 00000044 68[00000000]                    push dword file_name
    56 00000049 FF15[00000000]                  call [fopen]
    57 0000004F 83C408                          add esp,2*4
    58                                          
    59 00000052 A3[0D000000]                    mov [file_descriptor],eax
    60 00000057 83F800                          cmp eax,0
    61 0000005A 7432                            je eroare
    62 0000005C BE[4A000000]                    mov esi,values
    63 00000061 89D9                            mov ecx,ebx 
    64                                          repeta:
    65 00000063 51                                  push ecx
    66 00000064 AD                                  lodsd
    67 00000065 50                                  push eax
    68 00000066 68[46000000]                        push dword output_format
    69 0000006B FF35[0D000000]                      push dword [file_descriptor]
    70 00000071 FF15[00000000]                      call [fprintf]
    71 00000077 83C40C                              add esp,3*4
    72 0000007A 59                                  pop ecx
    73 0000007B E2E6                            loop repeta
    74 0000007D FF35[0D000000]                  push dword [file_descriptor]
    75 00000083 FF15[00000000]                  call [fclose]
    76 00000089 83C404                          add esp,1*4
    77 0000008C EB0E                            jmp final
    78                                      eroare:
    79 0000008E 68[25000000]                    push dword error_message
    80 00000093 FF15[00000000]                  call [printf]
    81 00000099 83C404                          add esp,1*4
    82                                      final:
    83                                          ; exit(0)
    84 0000009C 6A00                            push    dword 0      
    85 0000009E FF15[00000000]                  call    [exit]       
