     1                                  bits 32
     2                                  
     3                                  global start
     4                                  
     5                                  extern exit,fopen,fclose,printf,fread
     6                                  import exit msvcrt.dll
     7                                  import printf msvcrt.dll
     8                                  import fopen msvcrt.dll
     9                                  import fclose msvcrt.dll
    10                                  import fread msvcrt.dll
    11                                  ;19.Se dau in segmentul de date un nume de fisier si un text (poate contine orice tip de caracter). Sa se calculeze suma cifrelor din text. Sa se creeze un fisier cu numele dat si sa se scrie suma obtinuta in fisier
    12                                  segment data use32 class=data
    13 00000000 6669736965722E7478-         file_name db "fisier.txt",0
    13 00000009 7400               
    14 0000000B 7200                        mod_access db "r",0
    15 0000000D FFFFFFFF                    descriptor_file dd -1
    16                                      max equ 100
    17 00000011 00<rept>                    text times max db 0
    18 00000075 53756D612063696672-         output_format db "Suma cifrelor este %d",0
    18 0000007E 656C6F722065737465-
    18 00000087 20256400           
    19                                  segment code use32 class=code
    20                                      start:
    21 00000000 68[0B000000]                    push dword mod_access
    22 00000005 68[00000000]                    push dword file_name
    23 0000000A FF15[00000000]                  call [fopen]
    24 00000010 83C408                          add esp,4*2
    25                                          
    26 00000013 A3[0D000000]                    mov [descriptor_file],eax
    27 00000018 83F800                          cmp eax,0
    28 0000001B 7456                            je final
    29 0000001D FF35[0D000000]                  push dword [descriptor_file]
    30 00000023 6A64                            push dword max
    31 00000025 6A01                            push dword 1
    32 00000027 68[11000000]                    push dword text
    33 0000002C FF15[00000000]                  call [fread]
    34 00000032 83C410                          add esp,4*4
    35                                          
    36 00000035 BE[11000000]                    mov esi,text
    37 0000003A FC                              cld
    38 0000003B BB00000000                      mov ebx,0
    39                                      repeta:
    40 00000040 31C0                            xor eax,eax
    41 00000042 AC                              lodsb
    42 00000043 3C00                            cmp al,0
    43 00000045 740E                            je afara
    44 00000047 3C30                            cmp al,'0'
    45 00000049 7208                            jb next
    46 0000004B 3C39                            cmp al,'9'
    47 0000004D 7704                            ja next
    48 0000004F 2C30                            sub al,'0'
    49 00000051 01C3                            add ebx,eax
    50                                      next:
    51 00000053 EBEB                            jmp repeta
    52                                      afara:
    53 00000055 53                              push ebx
    54 00000056 68[75000000]                    push dword output_format
    55 0000005B FF15[00000000]                  call [printf]
    56 00000061 83C40C                          add esp,4*3
    57                                          
    58 00000064 FF35[0D000000]                  push dword [descriptor_file]
    59 0000006A FF15[00000000]                  call [fclose]
    60 00000070 83C404                          add esp,4
    61                                      final:
    62 00000073 6A00                            push dword 0
    63 00000075 FF15[00000000]                  call [exit]
