     1                                  ;a - byte, b - word, c - double word, d - qword 
     2                                  ;(c-a) + (b - d) +d
     3                                  bits 32 ; assembling for the 32 bits architecture
     4                                  
     5                                  ; declare the EntryPoint (a label defining the very first instruction of the program)
     6                                  global start        
     7                                  
     8                                  ; declare external functions needed by our program
     9                                  extern exit               ; tell nasm that exit exists even if we won't be defining it
    10                                  import exit msvcrt.dll    ; exit is a function that ends the calling process. It is defined in msvcrt.dll
    11                                                            ; msvcrt.dll contains exit, printf and all the other important C-runtime specific functions
    12                                  
    13                                  ; our data is declared here (the variables needed by our program)
    14                                  segment data use32 class=data
    15                                      
    16                                      ; a resb 1
    17                                      ; b resw 1
    18                                      ; c resd 1
    19                                      ; d resq 1
    20                                      
    21 00000000 01                          a db 1
    22 00000001 0200                        b dw 2
    23 00000003 03000000                    c dd 3
    24 00000007 0400000000000000            d dq 4
    25                                  ; our code starts here
    26                                  segment code use32 class=code
    27                                      start:
    28                                          ;b->edx:eax
    29 00000000 B800000000                      mov eax,0
    30 00000005 66A1[01000000]                  mov ax,[b]
    31 0000000B BA00000000                      mov edx,0
    32                                          ;d->ecx:ebx
    33 00000010 8B1D[07000000]                  mov ebx,[d]
    34 00000016 8B0D[0B000000]                  mov ecx,[d+4]
    35                                          ;(b-d)->edx:eax
    36 0000001C 29D8                            sub eax,ebx
    37 0000001E 19CA                            sbb edx,ecx
    38                                          ;(b-d)+d->edx:eax
    39 00000020 01D8                            add eax,ebx
    40 00000022 11CA                            adc edx,ecx
    41                                          ;Salvez (b-d)+d pe stiva
    42 00000024 50                              push eax
    43 00000025 52                              push edx
    44                                          ;c->ecx:ebx
    45 00000026 B900000000                      mov ecx,0
    46 0000002B 8B1D[03000000]                  mov ebx,[c]
    47                                          ;a->edx:eax
    48 00000031 B800000000                      mov eax,0
    49 00000036 BA00000000                      mov edx,0
    50 0000003B A0[00000000]                    mov al,[a]
    51                                          ;(c-a)->ecx:ebx
    52 00000040 29C3                            sub ebx,eax
    53 00000042 19D1                            sbb ecx,edx
    54                                          ;(b-d)+d->edx:eax
    55 00000044 5A                              pop edx
    56 00000045 58                              pop eax
    57                                          ;(c-a)+(b-d)+d->edx:eax
    58 00000046 01D8                            add eax,ebx
    59 00000048 11CA                            adc edx,ecx
    60                                          
    61                                          ; exit(0)
    62 0000004A 6A00                            push    dword 0      ; push the parameter for exit onto the stack
    63 0000004C FF15[00000000]                  call    [exit]       ; call exit to terminate the program
