     1                                  bits 32
     2                                  
     3                                  global start
     4                                  
     5                                  extern exit,fopen,fclose,fread,printf
     6                                  import exit msvcrt.dll
     7                                  import fopen msvcrt.dll
     8                                  import fclose msvcrt.dll
     9                                  import fread msvcrt.dll
    10                                  import printf msvcrt.dll
    11                                  
    12                                  segment data use32 class=data
    13 00000000 696E7075742E747874-         file_name db "input.txt",0
    13 00000009 00                 
    14 0000000A 7200                        mod_access db "r",0
    15 0000000C FFFFFFFF                    descriptor_file dd -1
    16                                      max equ 100
    17 00000010 00<rept>                    text times max db 0
    18 00000074 257300                      output_format db "%s",0
    19                                  segment code use32 class=code
    20                                      start:
    21 00000000 68[0A000000]                    push dword mod_access
    22 00000005 68[00000000]                    push dword file_name
    23 0000000A FF15[00000000]                  call [fopen]
    24 00000010 83C408                          add esp,4*2
    25                                          
    26 00000013 A3[0C000000]                    mov [descriptor_file],eax
    27 00000018 83F800                          cmp eax,0
    28 0000001B 7461                            je final
    29                                          
    30 0000001D FF35[0C000000]                  push dword [descriptor_file]
    31 00000023 6A64                            push dword max
    32 00000025 6A01                            push dword 1
    33 00000027 68[10000000]                    push dword text
    34 0000002C FF15[00000000]                  call [fread]
    35 00000032 83C410                          add esp,4*4
    36                                          
    37 00000035 BE[10000000]                    mov esi,text
    38 0000003A BF[10000000]                    mov edi,text
    39 0000003F FC                              cld
    40                                      repeta:
    41 00000040 AC                              lodsb
    42 00000041 3C00                            cmp al,0
    43 00000043 7417                            je afara
    44 00000045 3C7A                            cmp al,'z'
    45 00000047 7710                            ja alt_caracter
    46 00000049 3C61                            cmp al,'a'
    47 0000004B 770A                            ja litera
    48 0000004D 3C41                            cmp al,'A'
    49 0000004F 7208                            jb alt_caracter
    50 00000051 3C5A                            cmp al,'Z'
    51 00000053 7202                            jb litera
    52 00000055 EB02                            jmp alt_caracter
    53                                      litera:
    54 00000057 2C02                            sub al,2
    55                                      alt_caracter:
    56 00000059 AA                              stosb
    57 0000005A EBE4                            jmp repeta
    58                                          
    59                                      afara:
    60 0000005C 68[10000000]                    push dword text
    61 00000061 68[74000000]                    push dword output_format
    62 00000066 FF15[00000000]                  call [printf]
    63 0000006C 83C408                          add esp,4*2
    64                                          
    65 0000006F FF35[0C000000]                  push dword [descriptor_file]
    66 00000075 FF15[00000000]                  call [fclose]
    67 0000007B 83C404                          add esp,4
    68                                      final:
    69 0000007E 6A00                            push dword 0
    70 00000080 FF15[00000000]                  call [exit]
