     1                                  ;a - byte, b - word, c - double word, d - qword
     2                                  ;d+c-b+(a-c)
     3                                  bits 32 ; assembling for the 32 bits architecture
     4                                  
     5                                  ; declare the EntryPoint (a label defining the very first instruction of the program)
     6                                  global start        
     7                                  
     8                                  ; declare external functions needed by our program
     9                                  extern exit               ; tell nasm that exit exists even if we won't be defining it
    10                                  import exit msvcrt.dll    ; exit is a function that ends the calling process. It is defined in msvcrt.dll
    11                                                            ; msvcrt.dll contains exit, printf and all the other important C-runtime specific functions
    12                                  
    13                                  ; our data is declared here (the variables needed by our program)
    14                                  segment data use32 class=data
    15                                      ; a resb 1
    16                                      ; b resw 1
    17                                      ; c resd 1
    18                                      ; d resq 1
    19                                      
    20 00000000 01                          a db 1h
    21 00000001 0200                        b dw 2h
    22 00000003 03000000                    c dd 3h
    23 00000007 0400000000000000            d dq 4h
    24 0000000F 6745230100000000            e dq 01234567h
    25                                  
    26                                  ; our code starts here
    27                                  segment code use32 class=code
    28                                      start:
    29                                          ;a->edx:eax
    30 00000000 B800000000                      mov eax,0
    31 00000005 BA00000000                      mov edx,0
    32 0000000A A0[00000000]                    mov al,[a]
    33                                          
    34                                          ;c->ecx:ebx
    35 0000000F 8B1D[03000000]                  mov ebx,[c]
    36 00000015 B900000000                      mov ecx,0
    37                                          
    38                                          ;(a-c)->edx:eax
    39 0000001A 29D8                            sub eax,ebx
    40 0000001C 19CA                            sbb edx,ecx
    41                                          
    42                                          ;Salvez (a-c) pe stiva
    43 0000001E 50                              push eax
    44 0000001F 52                              push edx
    45                                          
    46                                          ;d->edx:eax
    47 00000020 A1[07000000]                    mov eax,[d]
    48 00000025 8B15[0B000000]                  mov edx,[d+4]
    49                                          
    50                                          ;d+c->edx:eax
    51 0000002B 01D8                            add eax,ebx
    52 0000002D 11CA                            adc edx,ecx
    53                                          
    54                                          ;b->ecx:ebx
    55 0000002F B900000000                      mov ecx,0
    56 00000034 BB00000000                      mov ebx,0
    57 00000039 668B1D[01000000]                mov bx,[b]
    58                                          
    59                                          ;d+c-b->edx:eax
    60 00000040 29D8                            sub eax,ebx
    61 00000042 19CA                            sbb edx,ecx
    62                                          
    63                                          ;(a-c)->ecx:ebx
    64 00000044 59                              pop ecx
    65 00000045 5B                              pop ebx
    66                                          
    67                                          ;d+c-b+(a-c)->edx:eax
    68 00000046 01D8                            add eax,ebx
    69 00000048 11CA                            adc edx,ecx
    70                                          ; exit(0)
    71 0000004A 6A00                            push    dword 0      ; push the parameter for exit onto the stack
    72 0000004C FF15[00000000]                  call    [exit]       ; call exit to terminate the program
