     1                                  ;a - byte, b - word, c - double word, d - qword
     2                                  ;(c-b+a)-(d+a)
     3                                  bits 32 ; assembling for the 32 bits architecture
     4                                  
     5                                  ; declare the EntryPoint (a label defining the very first instruction of the program)
     6                                  global start        
     7                                  
     8                                  ; declare external functions needed by our program
     9                                  extern exit               ; tell nasm that exit exists even if we won't be defining it
    10                                  import exit msvcrt.dll    ; exit is a function that ends the calling process. It is defined in msvcrt.dll
    11                                                            ; msvcrt.dll contains exit, printf and all the other important C-runtime specific functions
    12                                  
    13                                  ; our data is declared here (the variables needed by our program)
    14                                  segment data use32 class=data
    15                                      ; a resb 1
    16                                      ; b resw 1
    17                                      ; c resd 1
    18                                      ; d resq 1
    19                                      
    20 00000000 01                          a db 1h
    21 00000001 0200                        b dw 2h
    22 00000003 03000000                    c dd 3h
    23 00000007 0400000000000000            d dq 4h
    24                                  
    25                                  ; our code starts here
    26                                  segment code use32 class=code
    27                                      start:
    28                                          ;c->eax
    29 00000000 A1[03000000]                    mov eax,[c]
    30                                          
    31                                          ;b->ebx
    32 00000005 BB00000000                      mov ebx,0
    33 0000000A 668B1D[01000000]                mov bx,[b]
    34                                          
    35                                          ;a->ecx
    36 00000011 B900000000                      mov ecx,0
    37 00000016 8A0D[00000000]                  mov cl,[a]
    38                                          
    39                                          ;(c-b+a)->eax
    40 0000001C 29D8                            sub eax,ebx
    41 0000001E 11C8                            adc eax,ecx
    42                                          
    43                                          ;Salvez pe stiva (c-b+a)
    44 00000020 50                              push eax
    45                                          
    46                                          ;d->edx:eax
    47 00000021 A1[07000000]                    mov eax,[d]
    48 00000026 8B15[0B000000]                  mov edx,[d+4]
    49                                          
    50                                          ;a->ecx:ebx
    51 0000002C BB00000000                      mov ebx,0
    52 00000031 B900000000                      mov ecx,0
    53 00000036 8A1D[00000000]                  mov bl,[a]
    54                                          
    55                                          ;(d+a)->edx:eax
    56 0000003C 01D8                            add eax,ebx
    57 0000003E 11CA                            adc edx,ecx
    58                                          
    59                                          ;(c-b+a)->ecx:ebx
    60 00000040 5B                              pop ebx
    61 00000041 B900000000                      mov ecx,0
    62                                          
    63                                          ;(c-b+a)-(d+a)->ecx:ebx
    64 00000046 29C3                            sub ebx,eax
    65 00000048 19D1                            sbb ecx,edx
    66                                          
    67                                          ; exit(0)
    68 0000004A 6A00                            push    dword 0      ; push the parameter for exit onto the stack
    69 0000004C FF15[00000000]                  call    [exit]       ; call exit to terminate the program
