     1                                  bits 32 ; assembling for the 32 bits architecture
     2                                  
     3                                  ; declare the EntryPoint (a label defining the very first instruction of the program)
     4                                  global start        
     5                                  
     6                                  ; declare external functions needed by our program
     7                                  extern exit               ; tell nasm that exit exists even if we won't be defining it
     8                                  import exit msvcrt.dll    ; exit is a function that ends the calling process. It is defined in msvcrt.dll
     9                                                            ; msvcrt.dll contains exit, printf and all the other important C-runtime specific functions
    10                                  
    11                                  ; our data is declared here (the variables needed by our program)
    12                                  segment data use32 class=data
    13 00000000 2211443366558877            A dw 1122h,3344h,5566h,7788h
    14                                      len equ ($-A)/2
    15 00000008 00<rept>                    B1 times len db 0
    16 0000000C 00<rept>                    B2 times len db 0
    17                                  
    18                                  ; our code starts here
    19                                  segment code use32 class=code
    20                                      start:
    21 00000000 B904000000                      mov ecx,len
    22 00000005 E31B                            jecxz final
    23 00000007 FC                              cld
    24 00000008 BE[00000000]                    mov esi,A
    25 0000000D BF[08000000]                    mov edi,B1
    26 00000012 BB[0C000000]                    mov ebx,B2
    27                                          repeta:
    28 00000017 A4                                  movsb
    29 00000018 AC                                  lodsb
    30 00000019 57                                  push edi
    31 0000001A 89DF                                mov edi,ebx
    32 0000001C AA                                  stosb
    33 0000001D 89FB                                mov ebx,edi
    34 0000001F 5F                                  pop edi
    35 00000020 E2F5                                loop repeta
    36                                          final:
    37                                      
    38                                          ; exit(0)
    39 00000022 6A00                            push    dword 0      ; push the parameter for exit onto the stack
    40 00000024 FF15[00000000]                  call    [exit]       ; call exit to terminate the program
