     1                                  bits 32 ; assembling for the 32 bits architecture
     2                                  
     3                                  ; declare the EntryPoint (a label defining the very first instruction of the program)
     4                                  global start        
     5                                  
     6                                  ; declare external functions needed by our program
     7                                  extern exit               ; tell nasm that exit exists even if we won't be defining it
     8                                  import exit msvcrt.dll    ; exit is a function that ends the calling process. It is defined in msvcrt.dll
     9                                                            ; msvcrt.dll contains exit, printf and all the other important C-runtime specific functions
    10                                  
    11                                  ; our data is declared here (the variables needed by our program)
    12                                  segment data use32 class=data
    13                                      ; ...
    14 00000000 <res 00000001>              a resb 1
    15 00000001 <res 00000002>              b resw 1
    16 00000003 <res 00000004>              c resd 1
    17 00000007 <res 00000008>              d resq 1
    18                                  ; our code starts here
    19                                  segment code use32 class=code
    20                                      start:
    21                                          ; c-(a+d)+(b+d)
    22                                          ; a - byte, b - word, c - double word, d - qword - Interpretare fara semn
    23                                          ;a->edx:eax
    24 00000000 B800000000                      mov eax,0
    25 00000005 A0[00000000]                    mov al,BYTE[a]
    26 0000000A BA00000000                      mov edx,0
    27                                          ;d->ecx:ebx
    28 0000000F 8B1D[07000000]                  mov ebx,DWORD[d]
    29 00000015 8B0D[0B000000]                  mov ecx,DWORD[d+4]
    30                                          
    31                                          ;a+d->edx:eax
    32 0000001B 01D8                            add eax,ebx
    33 0000001D 11CA                            adc edx,ecx
    34                                          
    35                                          ;c->ecx:ebx
    36 0000001F 8B1D[03000000]                  mov ebx,DWORD[c]
    37 00000025 B900000000                      mov ecx,0
    38                                          
    39                                          ;c-(a+d)->ecx:ebx
    40 0000002A 29C3                            sub ebx,eax
    41 0000002C 19D1                            sbb ecx,edx
    42                                          
    43                                          ;Salvez c-(a+d) pe stiva
    44 0000002E 53                              push ebx
    45 0000002F 51                              push ecx
    46                                          
    47                                          ;b->edx;eax
    48 00000030 BA00000000                      mov edx,0
    49 00000035 A1[01000000]                    mov eax,DWORD[b]
    50                                          
    51                                          ;d->ecx:ebx
    52 0000003A 8B1D[07000000]                  mov ebx,DWORD[d]
    53 00000040 8B0D[0B000000]                  mov ecx,DWORD[d+4]
    54                                          
    55                                          ;b+d->edx:eax
    56 00000046 01D8                            add eax,ebx
    57 00000048 01CA                            add edx,ecx
    58                                          
    59                                          ;c-(a+d)->ecx:ebx
    60 0000004A 59                              pop ecx
    61 0000004B 5B                              pop ebx
    62                                          
    63                                          ;c-(a+d)+(b+d)->edx:eax
    64 0000004C 01D8                            add eax,ebx
    65 0000004E 11CA                            adc edx,ecx
    66                                          ; exit(0)
    67 00000050 6A00                            push    dword 0      ; push the parameter for exit onto the stack
    68 00000052 FF15[00000000]                  call    [exit]       ; call exit to terminate the program
