     1                                  bits 32
     2                                  
     3                                  global start
     4                                  
     5                                  extern exit,fopen,fclose,fscanf,printf
     6                                  import exit msvcrt.dll
     7                                  import fopen msvcrt.dll
     8                                  import fclose msvcrt.dll
     9                                  import fscanf msvcrt.dll
    10                                  import printf msvcrt.dll
    11                                  
    12                                  segment data use32 class=data
    13 00000000 696E7075742E747874-         file_name db "input.txt",0
    13 00000009 00                 
    14 0000000A 7200                        mod_access db "r",0
    15 0000000C FFFFFFFF                    descriptor_file dd -1
    16 00000010 257800                      input_format db "%x",0
    17 00000013 2578202D2025640D0A-         output_format db "%x - %d",13,10,0
    17 0000001C 00                 
    18 0000001D 25642000                    format db "%d ",0
    19 00000021 00000000                    n dd 0
    20                                  segment code use32 class=code
    21                                      start:
    22 00000000 68[0A000000]                    push dword mod_access
    23 00000005 68[00000000]                    push dword file_name
    24 0000000A FF15[00000000]                  call [fopen]
    25 00000010 83C408                          add esp,4*2
    26                                          
    27 00000013 A3[0C000000]                    mov [descriptor_file],eax
    28 00000018 83F800                          cmp eax,0
    29 0000001B 7460                            je final
    30                                          
    31                                      repeta:
    32 0000001D 68[21000000]                    push dword n
    33 00000022 68[10000000]                    push dword input_format
    34 00000027 FF35[0C000000]                  push dword [descriptor_file]
    35 0000002D FF15[00000000]                  call [fscanf]
    36 00000033 83C40C                          add esp,4*3
    37                                          
    38 00000036 83F820                          cmp eax,' '
    39 00000039 7431                            je e_spatiu
    40 0000003B 83F8FF                          cmp eax,-1
    41 0000003E 742E                            je afara
    42                                          
    43 00000040 B908000000                      mov ecx,8
    44 00000045 8B1D[21000000]                  mov ebx,[n]
    45 0000004B BA00000000                      mov edx,0
    46                                          
    47                                          repeta2:
    48 00000050 D0E3                                shl bl,1
    49 00000052 83D200                              adc edx,0
    50 00000055 E2F9                                loop repeta2
    51                                              
    52 00000057 52                              push edx
    53 00000058 FF35[21000000]                  push dword [n]
    54 0000005E 68[13000000]                    push dword output_format
    55 00000063 FF15[00000000]                  call [printf]
    56 00000069 83C40C                          add esp,4*3
    57                                      e_spatiu:
    58 0000006C EBAF                            jmp repeta
    59                                          
    60                                      afara:
    61 0000006E FF35[0C000000]                  push dword [descriptor_file]
    62 00000074 FF15[00000000]                  call [fclose]
    63 0000007A 83C404                          add esp,4
    64                                      final:
    65 0000007D 6A00                            push dword 0
    66 0000007F FF15[00000000]                  call [exit]
