     1                                  bits 32 
     2                                  
     3                                  global start
     4                                  
     5                                  extern exit,printf
     6                                  
     7                                  import exit msvcrt.dll
     8                                  import printf msvcrt.dll
     9                                  %include "baza2.asm"
     1                              <1> %ifndef _BAZA2_ASM_
     2                              <1> %define _BAZA2_ASM_
     3                              <1> 
     4                              <1>     base2:
     5 00000000 B920000000          <1>         mov ecx,32
     6 00000005 8B7C2404            <1>         mov edi,[esp+4]
     7                              <1>         repeta:
     8 00000009 30C0                <1>             xor al,al
     9 0000000B D1E2                <1>             shl edx,1
    10 0000000D 1430                <1>             adc al,'0'
    11 0000000F AA                  <1>             stosb
    12 00000010 E2F7                <1>             loop repeta
    13                              <1>         
    14 00000012 C20400              <1>         ret 4
    15                              <1> 
    16                              <1> 
    17                              <1> %endif
    10                                  segment data use32 class=data
    11 00000015 0D171D201112                s db 13,23,29,32,17,18
    12                                      len equ $-s
    13 0000001B 25643A25780D0A00            output_format_hex db "%d:%x",13,10,0
    14 00000023 25643A25730D0A00            output_format_bin db "%d:%s",13,10,0
    15 0000002B 56616C6F72696C6520-         hex_msg db "Valorile in baza 16",13,10,0
    15 00000034 696E2062617A612031-
    15 0000003D 360D0A00           
    16 00000041 56616C6F72696C6520-         bin_msg db "Valorile in baza 2",13,10,0
    16 0000004A 696E2062617A612032-
    16 00000053 0D0A00             
    17 00000056 00000000                    biti dd 0
    18                                  segment code use32 class=code
    19                                      start:
    20 00000000 68[2B000000]                    push dword hex_msg
    21 00000005 FF15[00000000]                  call [printf]
    22 0000000B 83C404                          add esp,4*1
    23                                          
    24 0000000E B906000000                      mov ecx,len
    25 00000013 E35F                            jecxz final
    26 00000015 FC                              cld
    27 00000016 BE[15000000]                    mov esi,s
    28                                          
    29                                      loop1:
    30 0000001B 51                              push ecx
    31 0000001C 31C0                            xor eax,eax
    32 0000001E AC                              lodsb
    33 0000001F 50                              push eax
    34 00000020 50                              push eax
    35 00000021 68[1B000000]                    push dword output_format_hex
    36 00000026 FF15[00000000]                  call [printf]
    37 0000002C 83C40C                          add esp,4*3
    38 0000002F 59                              pop ecx
    39 00000030 E2E9                            loop loop1
    40                                          
    41 00000032 68[41000000]                    push dword bin_msg
    42 00000037 FF15[00000000]                  call [printf]
    43 0000003D 83C404                          add esp,4*1
    44                                          
    45 00000040 B906000000                      mov ecx,len
    46 00000045 FC                              cld
    47 00000046 BE[15000000]                    mov esi,s
    48                                      loop2:
    49 0000004B 51                              push ecx
    50 0000004C 31C0                            xor eax,eax
    51 0000004E AC                              lodsb
    52 0000004F 50                              push eax
    53 00000050 89C2                            mov edx,eax
    54                                          
    55 00000052 68[56000000]                    push dword biti
    56 00000057 E8(00000000)                    call base2
    57                                              
    58 0000005C 58                              pop eax
    59                                          
    60 0000005D 68[56000000]                    push dword biti
    61 00000062 50                              push eax
    62 00000063 68[23000000]                    push dword output_format_bin
    63 00000068 FF15[00000000]                  call [printf]
    64 0000006E 83C40C                          add esp,4*3
    65                                          
    66 00000071 59                              pop ecx
    67                                          
    68 00000072 E2D7                            loop loop2
    69                                          
    70                                      final:
    71 00000074 6A00                            push dword 0
    72 00000076 FF15[00000000]                  call [exit]
