     1                                  bits 32
     2                                  
     3                                  global start
     4                                  
     5                                  extern exit,fopen,fclose,fprintf,scanf,printf
     6                                  import exit msvcrt.dll
     7                                  import fclose msvcrt.dll
     8                                  import fopen msvcrt.dll
     9                                  import fprintf msvcrt.dll
    10                                  import scanf msvcrt.dll
    11                                  import printf msvcrt.dll
    12                                  
    13                                  segment data use32 class=data
    14 00000000 6F75747075742E7478-         file_name db "output.txt",0
    14 00000009 7400               
    15 0000000B 7700                        mod_acces db "w",0
    16 0000000D FFFFFFFF                    descriptor_file dd -1
    17 00000011 4461746920756E2063-         message db "Dati un cuvant:",0
    17 0000001A 7576616E743A00     
    18 00000021 257300                      format db "%s",0
    19 00000024 25732000                    output_format db "%s ",0
    20 00000028 <res 00000004>              cuvant resd 1
    21                                      
    22                                  segment code use32 class=code
    23                                      start:
    24 00000000 68[0B000000]                    push dword mod_acces
    25 00000005 68[00000000]                    push dword file_name
    26 0000000A FF15[00000000]                  call [fopen]
    27 00000010 83C408                          add esp,4*2
    28                                          
    29 00000013 A3[0D000000]                    mov [descriptor_file],eax
    30 00000018 83F800                          cmp eax,0
    31 0000001B 746B                            je final
    32                                      repeta:
    33 0000001D 68[11000000]                    push dword message
    34 00000022 FF15[00000000]                  call [printf]
    35 00000028 83C404                          add esp,4
    36                                          
    37 0000002B 68[28000000]                    push dword cuvant
    38 00000030 68[21000000]                    push dword format
    39 00000035 FF15[00000000]                  call [scanf]
    40 0000003B 83C408                          add esp,4*2
    41                                          
    42 0000003E 803D[28000000]24                cmp byte [cuvant],'$'
    43 00000045 7432                            je sfarsit
    44                                        
    45 00000047 BE[28000000]                    mov esi,cuvant
    46 0000004C FC                              cld
    47                                      cauta:
    48 0000004D AC                              lodsb
    49 0000004E 3C00                            cmp al,0
    50 00000050 7425                            je sfarsit_cuvant
    51 00000052 3C30                            cmp al,'0'
    52 00000054 7206                            jb next
    53 00000056 3C39                            cmp al,'9'
    54 00000058 7702                            ja next
    55 0000005A EB02                            jmp afisare
    56                                          
    57                                      next:
    58 0000005C EBEF                            jmp cauta
    59                                          
    60                                      afisare:    
    61 0000005E 68[28000000]                    push dword cuvant
    62 00000063 68[24000000]                    push dword output_format
    63 00000068 FF35[0D000000]                  push dword [descriptor_file]
    64 0000006E FF15[00000000]                  call [fprintf]
    65 00000074 83C40C                          add esp,4*3
    66                                          
    67                                      sfarsit_cuvant:
    68 00000077 EBA4                            jmp repeta
    69                                          
    70                                      sfarsit:
    71 00000079 FF35[0D000000]                  push dword [descriptor_file]
    72 0000007F FF15[00000000]                  call [fclose]
    73 00000085 83C404                          add esp,4
    74                                      final:
    75 00000088 6A00                            push dword 0
    76 0000008A FF15[00000000]                  call [exit]
