     1                                  bits 32 ; assembling for the 32 bits architecture
     2                                  
     3                                  ; declare the EntryPoint (a label defining the very first instruction of the program)
     4                                  global start        
     5                                  
     6                                  ; declare external functions needed by our program
     7                                  extern exit,scanf,printf          
     8                                  import exit msvcrt.dll    
     9                                  import scanf msvcrt.dll
    10                                  import printf msvcrt.dll                       
    11                                  
    12                                  ; our data is declared here (the variables needed by our program)
    13                                  segment data use32 class=data
    14                                      ;Se citesc de la tastatura numere (in baza 10) pana cand se introduce cifra 0. Determinaţi şi afişaţi cel mai mic număr dintre cele citite.
    15 00000000 <res 00000004>              a resd 1
    16 00000004 4461746920756E206E-         mesaj db "Dati un numar intreg: ",0
    16 0000000D 756D617220696E7472-
    16 00000016 65673A2000         
    17 0000001B 256400                      format db "%d",0
    18                                     
    19 0000001E 43656C206D6169206D-         format_afisare db "Cel mai mic numar: %d"
    19 00000027 6963206E756D61723A-
    19 00000030 202564             
    20                                  ; our code starts here
    21                                  segment code use32 class=code
    22                                      start:
    23 00000000 83CBFF                      or ebx,0xffffffff
    24                                      citire:
    25 00000003 68[04000000]                    push dword mesaj
    26 00000008 FF15[00000000]                  call [printf]
    27 0000000E 83C404                          add esp,4*1
    28                                          
    29 00000011 68[00000000]                    push dword a
    30 00000016 68[1B000000]                    push dword format
    31 0000001B FF15[00000000]                  call [scanf]
    32 00000021 83C408                          add esp,4*2
    33                                          
    34 00000024 833D[00000000]00                cmp dword [a],0
    35 0000002B 7412                            je final
    36                                          
    37 0000002D 391D[00000000]                  cmp [a],ebx
    38 00000033 7C02                            jl mai_mic
    39 00000035 EBCC                            jmp citire
    40                                          mai_mic:
    41 00000037 8B1D[00000000]                  mov ebx,[a]
    42 0000003D EBC4                            jmp citire
    43                                          
    44                                      final:
    45 0000003F 53                              push ebx
    46 00000040 68[1E000000]                    push dword format_afisare
    47 00000045 FF15[00000000]                  call [printf]
    48 0000004B 83C408                          add esp,4*2
    49                                          
    50                                      
    51                                          ; exit(0)
    52 0000004E 6A00                            push    dword 0      ; push the parameter for exit onto the stack
    53 00000050 FF15[00000000]                  call    [exit]       ; call exit to terminate the program
