     1                                  bits 32
     2                                  
     3                                  global start
     4                                  
     5                                  extern exit,fopen,fread,fclose,printf
     6                                  import exit msvcrt.dll
     7                                  import fopen msvcrt.dll
     8                                  import fread msvcrt.dll
     9                                  import fclose msvcrt.dll
    10                                  import printf msvcrt.dll
    11                                  
    12                                  segment data use32 class=data
    13 00000000 696E7075742E747874-         file_name db "input.txt",0
    13 00000009 00                 
    14 0000000A 7200                        mod_access db "r",0
    15 0000000C FFFFFFFF                    file_descriptor dd -1
    16 00000010 6165696F754145494F-         vocale db "aeiouAEIOU",0
    16 00000019 5500               
    17                                      max equ 100
    18 0000001B 00<rept>                    text times max db 0
    19 0000007F 4E756D6172756C2064-         output_format db "Numarul de vocale:%d",0
    19 00000088 6520766F63616C653A-
    19 00000091 256400             
    20 00000094 257300                      output db "%s",0
    21                                  segment code use32 class=code
    22                                      start:
    23 00000000 68[0A000000]                    push dword mod_access
    24 00000005 68[00000000]                    push dword file_name
    25 0000000A FF15[00000000]                  call [fopen]
    26 00000010 83C408                          add esp,4*2
    27                                          
    28 00000013 A3[0C000000]                    mov [file_descriptor],eax
    29 00000018 83F800                          cmp eax,0
    30                                          
    31 0000001B 745F                            je eroare
    32                                          
    33 0000001D FF35[0C000000]                  push dword [file_descriptor]
    34 00000023 6A64                            push dword max
    35 00000025 6A01                            push dword 1
    36 00000027 68[1B000000]                    push dword text
    37 0000002C FF15[00000000]                  call [fread]
    38 00000032 83C410                          add esp,4*4
    39                                          
    40 00000035 BE[1B000000]                    mov esi,text
    41 0000003A FC                              cld
    42 0000003B BB00000000                      mov ebx,0
    43                                      repeta:
    44 00000040 AC                              lodsb
    45 00000041 3C00                            cmp al,0
    46 00000043 7419                            je final
    47 00000045 31C9                            xor ecx,ecx
    48 00000047 B90A000000                      mov ecx,10
    49 0000004C BF[10000000]                    mov edi,vocale
    50                                          repeta2:
    51 00000051 AE                                  scasb
    52 00000052 7402                                je afara
    53 00000054 E2FB                                loop repeta2
    54                                          afara:
    55 00000056 83F900                          cmp ecx,0
    56 00000059 7401                            je gasit
    57 0000005B 43                              inc ebx
    58                                      gasit:
    59 0000005C EBE2                            jmp repeta
    60                                      final:    
    61 0000005E 53                              push ebx
    62 0000005F 68[7F000000]                    push dword output_format
    63 00000064 FF15[00000000]                  call [printf]
    64 0000006A 83C408                          add esp,4*2
    65                                          
    66 0000006D FF35[0C000000]                  push dword [file_descriptor]
    67 00000073 FF15[00000000]                  call [fclose]
    68 00000079 83C404                          add esp,4
    69                                              
    70                                      eroare:
    71 0000007C 6A00                            push dword 0
    72 0000007E FF15[00000000]                  call [exit]
