     1                                  bits 32 ; assembling for the 32 bits architecture
     2                                  
     3                                  ; declare the EntryPoint (a label defining the very first instruction of the program)
     4                                  global start        
     5                                  
     6                                  ; declare external functions needed by our program
     7                                  extern exit               ; tell nasm that exit exists even if we won't be defining it
     8                                  import exit msvcrt.dll    ; exit is a function that ends the calling process. It is defined in msvcrt.dll
     9                                                            ; msvcrt.dll contains exit, printf and all the other important C-runtime specific functions
    10                                  
    11                                  ; our data is declared here (the variables needed by our program)
    12                                  segment data use32 class=data
    13                                      ; Se da cuvantul A. Sa se obtina numarul intreg n reprezentat de bitii 0-2 ai lui A. Sa se obtina apoi in B cuvântul rezultat prin rotirea spre dreapta (fara carry) a lui A cu n pozitii. Sa se obtina dublucuvan
    14                                          ; bitii 8-15 ai lui C sunt 0
    15                                          ; bitii 16-23 ai lui C coincid cu bitii lui 2-9 ai lui B
    16                                          ; bitii 24-31 ai lui C coincid cu bitii lui 7-14 ai lui A
    17                                          ; bitii 0-7 ai lui C sunt 1
    18                                          
    19 00000000 2534                            A dw 3425h
    20 00000002 <res 00000001>                  n resb 1
    21 00000003 <res 00000002>                  B resw 1
    22 00000005 <res 00000004>                  C resd 1
    23                                  
    24                                  ; our code starts here
    25                                  segment code use32 class=code
    26                                      start:
    27 00000000 8A0D[00000000]                  mov cl,[A]
    28 00000006 80E107                          and cl,0111b
    29 00000009 880D[02000000]                  mov [n],cl
    30                                          
    31 0000000F 66A1[00000000]                  mov ax,[A]
    32 00000015 66D3C8                          ror ax,cl
    33 00000018 66A3[03000000]                  mov [B],ax
    34                                          
    35 0000001E 66BA0000                        mov dx,0
    36 00000022 66B80000                        mov ax,0
    37                                          
    38 00000026 662500FF                        and ax,1111111100000000b
    39                                          
    40 0000002A 660DFF00                        or ax,0000000011111111b
    41                                          
    42 0000002E 668B1D[03000000]                mov bx,[B]
    43 00000035 6681E3FC03                      and bx,0000001111111100b
    44 0000003A B102                            mov cl,2
    45 0000003C 66C1CB02                        ror bx,2
    46 00000040 6609DA                          or dx,bx
    47                                          
    48 00000043 668B1D[00000000]                mov bx,[A]
    49 0000004A 6681E3807F                      and bx,0111111110000000b
    50 0000004F B101                            mov cl,1
    51 00000051 66D3C3                          rol bx,cl
    52 00000054 6609DA                          or dx,bx
    53                                          
    54 00000057 66A3[05000000]                  mov [C],ax
    55 0000005D 668915[07000000]                mov [C+2],dx
    56                                          
    57                                          ; exit(0)
    58 00000064 6A00                            push    dword 0      ; push the parameter for exit onto the stack
    59 00000066 FF15[00000000]                  call    [exit]       ; call exit to terminate the program
