     1                                  bits 32
     2                                  
     3                                  global start
     4                                  
     5                                  extern exit,fopen,fread,fclose,printf
     6                                  import exit msvcrt.dll
     7                                  import fopen msvcrt.dll
     8                                  import fread msvcrt.dll
     9                                  import fclose msvcrt.dll
    10                                  import printf msvcrt.dll
    11                                  
    12                                  ;7.Se da un fisier text. Sa se citeasca continutul fisierului, sa se determine litera mica (lowercase) cu cea mai mare frecventa si sa se afiseze acea litera, impreuna cu frecventa acesteia. Numele fisierului text e
    13                                  segment data use32 class=data
    14 00000000 696E7075742E747874-         file_name db "input.txt",0
    14 00000009 00                 
    15 0000000A 7200                        mod_access db "r",0
    16 0000000C FFFFFFFF                    file_descriptor dd -1
    17 00000010 00<rept>                    frecventa_litere times 26 db 0
    18                                      max equ 100
    19 0000002A 00<rept>                    text times max db 0
    20 0000008E 25633A256400                output_format db "%c:%d",0
    21                                  segment code use32 class=code
    22                                      start:
    23 00000000 68[0A000000]                    push dword mod_access
    24 00000005 68[00000000]                    push dword file_name
    25 0000000A FF15[00000000]                  call [fopen]
    26 00000010 83C408                          add esp,4*2
    27                                          
    28 00000013 A3[0C000000]                    mov [file_descriptor],eax
    29 00000018 83F800                          cmp eax,0
    30 0000001B 747C                            je eroare
    31                                          
    32 0000001D FF35[0C000000]                  push dword [file_descriptor]
    33 00000023 6A64                            push dword max
    34 00000025 6A01                            push dword 1
    35 00000027 68[2A000000]                    push dword text
    36 0000002C FF15[00000000]                  call [fread]
    37 00000032 83C410                          add esp,4*4
    38                                          
    39 00000035 BE[2A000000]                    mov esi,text
    40 0000003A FC                              cld
    41                                      repeta:
    42 0000003B 31C0                            xor eax,eax
    43 0000003D AC                              lodsb
    44 0000003E 3C00                            cmp al,0
    45 00000040 7413                            je final
    46 00000042 3C61                            cmp al,'a'
    47 00000044 720D                            jb next
    48 00000046 3C7A                            cmp al,'z'
    49 00000048 7709                            ja next
    50 0000004A 2C61                            sub al,'a'
    51 0000004C 8080[10000000]01                add byte [eax+frecventa_litere],1
    52                                      next:
    53 00000053 EBE6                            jmp repeta
    54                                      final: 
    55                                      
    56 00000055 BB00000000                      mov ebx,0
    57 0000005A B91A000000                      mov ecx,26
    58 0000005F BA00000000                      mov edx,0
    59 00000064 BE[10000000]                    mov esi,frecventa_litere
    60 00000069 FC                              cld
    61                                      repeta2:
    62 0000006A AC                              lodsb 
    63 0000006B 38D8                            cmp al,bl
    64 0000006D 7204                            jb mai_mic
    65 0000006F 88C3                            mov bl,al
    66 00000071 88E2                            mov dl,ah
    67                                      mai_mic:
    68 00000073 FEC4                            inc ah
    69 00000075 E2F3                            loop repeta2
    70                                          
    71 00000077 83C261                          add edx,'a'
    72 0000007A 53                              push ebx
    73 0000007B 52                              push edx
    74 0000007C 68[8E000000]                    push dword output_format
    75 00000081 FF15[00000000]                  call [printf]
    76 00000087 83C40C                          add esp,4*3
    77                                          
    78 0000008A FF35[0C000000]                  push dword [file_descriptor]
    79 00000090 FF15[00000000]                  call [fclose]
    80 00000096 83C404                          add esp,4
    81                                      eroare:
    82 00000099 6A00                            push dword 0
    83 0000009B FF15[00000000]                  call [exit]
