     1                                  ;a - byte, b - word, c - double word, d - qword
     2                                  ;d-a+(b+a-c)
     3                                  bits 32 ; assembling for the 32 bits architecture
     4                                  
     5                                  ; declare the EntryPoint (a label defining the very first instruction of the program)
     6                                  global start        
     7                                  
     8                                  ; declare external functions needed by our program
     9                                  extern exit               ; tell nasm that exit exists even if we won't be defining it
    10                                  import exit msvcrt.dll    ; exit is a function that ends the calling process. It is defined in msvcrt.dll
    11                                                            ; msvcrt.dll contains exit, printf and all the other important C-runtime specific functions
    12                                  
    13                                  ; our data is declared here (the variables needed by our program)
    14                                  segment data use32 class=data
    15                                      ; a resb 1
    16                                      ; b resw 1
    17                                      ; c resd 1
    18                                      ; d resq 1
    19                                      
    20 00000000 01                          a db 1h
    21 00000001 0200                        b dw 2h
    22 00000003 03000000                    c dd 3h
    23 00000007 0400000000000000            d dq 4h
    24                                  
    25                                  ; our code starts here
    26                                  segment code use32 class=code
    27                                      start:
    28                                          ;b->edx:eax
    29 00000000 66A1[01000000]                  mov ax,[b]
    30 00000006 98                              cwde
    31 00000007 99                              cdq
    32                                          
    33                                          ;b->ecx:ebx
    34 00000008 89C3                            mov ebx,eax
    35 0000000A 89D1                            mov ecx,edx
    36                                          
    37                                          ;a->edx:eax
    38 0000000C A0[00000000]                    mov al,[a]
    39 00000011 6698                            cbw
    40 00000013 98                              cwde
    41 00000014 99                              cdq
    42                                          
    43                                          ;b+a->ecx:ebx
    44 00000015 01C3                            add ebx,eax
    45 00000017 11D1                            adc ecx,edx
    46                                          
    47                                          ;c->edx:eax
    48 00000019 A1[03000000]                    mov eax,[c]
    49 0000001E 99                              cdq
    50                                          
    51                                          ;(b+a-c)->ecx:ebx
    52 0000001F 29C3                            sub ebx,eax
    53 00000021 19D1                            sbb ecx,edx
    54                                          
    55                                          ;Salvez (b+a-c) pe stiva
    56 00000023 53                              push ebx
    57 00000024 51                              push ecx
    58                                          
    59                                          ;a->edx:eax
    60 00000025 A0[00000000]                    mov al,[a]
    61 0000002A 6698                            cbw
    62 0000002C 98                              cwde
    63 0000002D 99                              cdq
    64                                          
    65                                          ;d->ecx:ebx
    66 0000002E 8B1D[07000000]                  mov ebx,[d]
    67 00000034 8B0D[0B000000]                  mov ecx,[d+4]
    68                                          
    69                                          ;d-a->ecx:ebx
    70 0000003A 29C3                            sub ebx,eax
    71 0000003C 19D1                            sbb ecx,edx
    72                                          
    73                                          ;(b+a-c)->edx:eax
    74 0000003E 5A                              pop edx
    75 0000003F 58                              pop eax
    76                                          
    77                                          ;d-a+(b+a-c)->ecx:ebx
    78 00000040 01C3                            add ebx,eax
    79 00000042 11D1                            adc ecx,edx
    80                                          ; exit(0)
    81 00000044 6A00                            push    dword 0      ; push the parameter for exit onto the stack
    82 00000046 FF15[00000000]                  call    [exit]       ; call exit to terminate the program
