     1                                  bits 32
     2                                  
     3                                  global start
     4                                  
     5                                  extern exit,fopen,fclose,fprintf
     6                                  import exit msvcrt.dll
     7                                  import fopen msvcrt.dll
     8                                  import fclose msvcrt.dll
     9                                  import fprintf msvcrt.dll
    10                                  ;14.Se dau un nume de fisier si un text (definite in segmentul de date). Textul contine litere mici, litere mari, cifre si caractere speciale. Sa se transforme toate literele mari din textul dat in litere mici. Sa s
    11                                  segment data use32 class=data
    12 00000000 6F75747075742E7478-         file_name db "output.txt",0
    12 00000009 7400               
    13 0000000B 7700                        mod_access db "w",0
    14 0000000D FFFFFFFF                    descriptor_file dd -1
    15 00000011 614263644546256768-         text db "aBcdEF%ghIjKlmno@#",0
    15 0000001A 496A4B6C6D6E6F4023-
    15 00000023 00                 
    16                                      len equ $-text
    17 00000024 257300                      format db "%s",0
    18                                  segment code use32 class=code
    19                                      start:
    20 00000000 68[0B000000]                    push dword mod_access
    21 00000005 68[00000000]                    push dword file_name
    22 0000000A FF15[00000000]                  call [fopen]
    23 00000010 83C408                          add esp,4*2
    24                                          
    25 00000013 A3[0D000000]                    mov [descriptor_file],eax
    26 00000018 83F800                          cmp eax,0
    27 0000001B 7448                            je final
    28                                          
    29 0000001D BE[11000000]                    mov esi,text
    30 00000022 BF[11000000]                    mov edi,text
    31 00000027 FC                              cld 
    32 00000028 B913000000                      mov ecx,len
    33 0000002D E30E                            jecxz sfarsit
    34                                      repeta:
    35 0000002F AC                              lodsb
    36 00000030 3C41                            cmp al,'A'
    37 00000032 7206                            jb urmatorul
    38 00000034 3C5A                            cmp al,'Z'
    39 00000036 7702                            ja urmatorul
    40 00000038 0420                            add al,'a'-'A'
    41                                      urmatorul:
    42 0000003A AA                              stosb
    43 0000003B E2F2                            loop repeta
    44                                      sfarsit:
    45 0000003D 68[11000000]                    push dword text
    46 00000042 68[24000000]                    push dword format
    47 00000047 FF35[0D000000]                  push dword [descriptor_file]
    48 0000004D FF15[00000000]                  call [fprintf]
    49 00000053 83C40C                          add esp,4*3
    50                                          
    51 00000056 FF35[0D000000]                  push dword [descriptor_file]
    52 0000005C FF15[00000000]                  call [fclose]
    53 00000062 83C404                          add esp,4
    54                                      final:
    55 00000065 6A00                            push dword 0
    56 00000067 FF15[00000000]                  call [exit]
