     1                                  bits 32
     2                                  
     3                                  global start
     4                                  
     5                                  extern exit,scanf,fopen,fclose,fprintf,printf
     6                                  import exit msvcrt.dll
     7                                  import fopen msvcrt.dll
     8                                  import fclose msvcrt.dll
     9                                  import fprintf msvcrt.dll
    10                                  import scanf msvcrt.dll
    11                                  import printf msvcrt.dll
    12                                  
    13                                  segment data use32 class=data
    14 00000000 00<rept>                    cifre times 10 db 0
    15 0000000A 726573756C742E7478-         file_name db "result.txt",0
    15 00000013 7400               
    16 00000015 7700                        mod_acces db "w",0
    17 00000017 FFFFFFFF                    descriptor_file dd -1
    18 0000001B 257300                      format db "%s",0
    19 0000001E 00000000                    n dd 0
    20 00000022 00<rept>                    rez times 5 db 0
    21                                  segment code use32 class=code
    22                                      start:
    23 00000000 68[15000000]                    push dword mod_acces
    24 00000005 68[0A000000]                    push dword file_name
    25 0000000A FF15[00000000]                  call [fopen]
    26 00000010 83C408                          add esp,4*2
    27                                          
    28 00000013 A3[17000000]                    mov [descriptor_file],eax
    29 00000018 83F800                          cmp eax,0
    30 0000001B 747A                            je eroare
    31                                          
    32 0000001D FC                              cld
    33                                      repeta:
    34 0000001E 68[1E000000]                    push dword n
    35 00000023 68[1B000000]                    push dword format
    36 00000028 FF15[00000000]                  call [scanf]
    37 0000002E 83C408                          add esp,4*2
    38                                          
    39 00000031 A1[1E000000]                    mov eax,[n]
    40 00000036 83F821                          cmp eax,'!'
    41 00000039 740C                            je sfarsit
    42 0000003B 83E830                          sub eax,'0'
    43 0000003E C680[00000000]01                mov byte [cifre+eax],1
    44 00000045 EBD7                            jmp repeta
    45                                          
    46                                      sfarsit:
    47                                      
    48 00000047 BE[09000000]                    mov esi,cifre+9
    49 0000004C BF[22000000]                    mov edi,rez
    50 00000051 FD                              std
    51 00000052 BB09000000                      mov ebx,9
    52                                      formare_rezultat:
    53 00000057 AC                              lodsb
    54 00000058 4E                              dec esi
    55 00000059 3C00                            cmp al,0
    56 0000005B 7407                            je urmatoarea_cifra
    57 0000005D 88D8                            mov al,bl
    58 0000005F 0430                            add al,'0'
    59 00000061 FC                              cld
    60 00000062 AA                              stosb
    61 00000063 FD                              std
    62                                      urmatoarea_cifra:
    63 00000064 83EB02                          sub ebx,2
    64 00000067 83FB00                          cmp ebx,0
    65 0000006A 7C02                            jl afisare
    66 0000006C EBE9                            jmp formare_rezultat
    67                                          
    68                                      afisare:
    69 0000006E FC                              cld
    70 0000006F 68[22000000]                    push dword rez
    71 00000074 68[1B000000]                    push dword format
    72 00000079 FF35[17000000]                  push dword [descriptor_file]
    73 0000007F FF15[00000000]                  call [fprintf]
    74 00000085 83C40C                          add esp,4*3
    75                                          
    76 00000088 FF35[17000000]                  push dword [descriptor_file]
    77 0000008E FF15[00000000]                  call [fclose]
    78 00000094 83C404                          add esp,4
    79                                      eroare:
    80 00000097 6A00                            push dword 0
    81 00000099 FF15[00000000]                  call [exit]
