     1                                  bits 32
     2                                  
     3                                  global start
     4                                  
     5                                  extern exit,scanf,fopen,fclose,fprintf,printf
     6                                  import exit msvcrt.dll
     7                                  import fopen msvcrt.dll
     8                                  import fclose msvcrt.dll
     9                                  import fprintf msvcrt.dll
    10                                  import scanf msvcrt.dll
    11                                  import printf msvcrt.dll
    12                                  
    13                                  segment data use32 class=data
    14 00000000 00<rept>                    cifre times 10 db 0
    15 0000000A 726573756C742E7478-         file_name db "result.txt",0
    15 00000013 7400               
    16 00000015 7700                        mod_acces db "w",0
    17 00000017 FFFFFFFF                    descriptor_file dd -1
    18 0000001B 257300                      format db "%s",0
    19 0000001E 44617469206F206369-         message db "Dati o cifra:",0
    19 00000027 6672613A00         
    20 0000002C 00000000                    n dd 0
    21 00000030 00<rept>                    rez times 5 db 0
    22                                  segment code use32 class=code
    23                                      start:
    24 00000000 68[15000000]                    push dword mod_acces
    25 00000005 68[0A000000]                    push dword file_name
    26 0000000A FF15[00000000]                  call [fopen]
    27 00000010 83C408                          add esp,4*2
    28                                          
    29 00000013 A3[17000000]                    mov [descriptor_file],eax
    30 00000018 83F800                          cmp eax,0
    31 0000001B 747A                            je eroare
    32                                          
    33 0000001D FC                              cld
    34                                      repeta:
    35 0000001E 68[2C000000]                    push dword n
    36 00000023 68[1B000000]                    push dword format
    37 00000028 FF15[00000000]                  call [scanf]
    38 0000002E 83C408                          add esp,4*2
    39                                          
    40 00000031 A1[2C000000]                    mov eax,[n]
    41 00000036 83F821                          cmp eax,'!'
    42 00000039 740C                            je sfarsit
    43 0000003B 83E830                          sub eax,'0'
    44 0000003E C680[00000000]01                mov byte [cifre+eax],1
    45 00000045 EBD7                            jmp repeta
    46                                          
    47                                      sfarsit:
    48                                      
    49 00000047 BE[09000000]                    mov esi,cifre+9
    50 0000004C BF[30000000]                    mov edi,rez
    51 00000051 FD                              std
    52 00000052 BB09000000                      mov ebx,9
    53                                      formare_rezultat:
    54 00000057 AC                              lodsb
    55 00000058 4E                              dec esi
    56 00000059 3C00                            cmp al,0
    57 0000005B 7407                            je urmatoarea_cifra
    58 0000005D 88D8                            mov al,bl
    59 0000005F 0430                            add al,'0'
    60 00000061 FC                              cld
    61 00000062 AA                              stosb
    62 00000063 FD                              std
    63                                      urmatoarea_cifra:
    64 00000064 83EB02                          sub ebx,2
    65 00000067 83FB00                          cmp ebx,0
    66 0000006A 7C02                            jl afisare
    67 0000006C EBE9                            jmp formare_rezultat
    68                                          
    69                                      afisare:
    70 0000006E FC                              cld
    71 0000006F 68[30000000]                    push dword rez
    72 00000074 68[1B000000]                    push dword format
    73 00000079 FF35[17000000]                  push dword [descriptor_file]
    74 0000007F FF15[00000000]                  call [fprintf]
    75 00000085 83C40C                          add esp,4*3
    76                                          
    77 00000088 FF35[17000000]                  push dword [descriptor_file]
    78 0000008E FF15[00000000]                  call [fclose]
    79 00000094 83C404                          add esp,4
    80                                      eroare:
    81 00000097 6A00                            push dword 0
    82 00000099 FF15[00000000]                  call [exit]
