     1                                  bits 32 ; assembling for the 32 bits architecture
     2                                  
     3                                  ; declare the EntryPoint (a label defining the very first instruction of the program)
     4                                  global start        
     5                                  
     6                                  ; declare external functions needed by our program
     7                                  extern exit               ; tell nasm that exit exists even if we won't be defining it
     8                                  import exit msvcrt.dll    ; exit is a function that ends the calling process. It is defined in msvcrt.dll
     9                                                            ; msvcrt.dll contains exit, printf and all the other important C-runtime specific functions
    10                                  
    11                                  ; our data is declared here (the variables needed by our program)
    12                                  segment data use32 class=data
    13                                      ; ...
    14 00000000 7FFF1201                    x dw -129,10+100h+1000b
    15 00000004 08000000                    y dw 1001h>>1001b,128h&128
    16 00000008 [0800]F8FF                  z dw z,$$-z
    17 0000000C [FCFFFFFF]-                 w dd x+y-z,w-y+x
    17 00000010 [08000000]         
    18 00000014 05000E00[0900]              h dw 101b,11h-11b,h-11
    19 0000001A E6[11]                      a db $$-$,h-11b
    19          ******************       error: OBJ format can only handle 16- or 32-byte relocations
    20                                  ; our code starts here
    21                                  segment code use32 class=code
    22                                      start:
    23                                          ; ...
    24                                      
    25                                          ; exit(0)
    26 00000000 6A00                            push    dword 0      ; push the parameter for exit onto the stack
    27 00000002 FF15[00000000]                  call    [exit]       ; call exit to terminate the program
